<?xml version="1.0" encoding="UTF-8"?>
<!-- Generated by org.testng.reporters.JUnitXMLReporter -->
<testsuite ignored="0" hostname="LAPTOP-7RLL2HTM" failures="0" tests="5" name="LoginPage Tests" time="21.386" errors="0" timestamp="22 Nov 2021 21:23:04 GMT">
  <testcase classname="sdfc_tests.Login_test" name="@BeforeMethod launchApp" time="0.0">
    <failure type="org.openqa.selenium.WebDriverException" message="unknown error: cannot determine loading status
from disconnected: unable to send message to renderer
  (Session info: chrome=95.0.4638.69)
Build info: version: &amp;apos;3.141.59&amp;apos;, revision: &amp;apos;e82be7d358&amp;apos;, time: &amp;apos;2018-11-14T08:17:03&amp;apos;
System info: host: &amp;apos;LAPTOP-7RLL2HTM&amp;apos;, ip: &amp;apos;192.168.0.21&amp;apos;, os.name: &amp;apos;Windows 10&amp;apos;, os.arch: &amp;apos;amd64&amp;apos;, os.version: &amp;apos;10.0&amp;apos;, java.version: &amp;apos;16.0.2&amp;apos;
Driver info: org.openqa.selenium.chrome.ChromeDriver
Capabilities {acceptInsecureCerts: false, browserName: chrome, browserVersion: 95.0.4638.69, chrome: {chromedriverVersion: 95.0.4638.69 (6a1600ed572fe..., userDataDir: C:\Users\SANGEE~1\AppData\L...}, goog:chromeOptions: {debuggerAddress: localhost:55185}, javascriptEnabled: true, networkConnectionEnabled: false, pageLoadStrategy: normal, platform: WINDOWS, platformName: WINDOWS, proxy: Proxy(), setWindowRect: true, strictFileInteractability: false, timeouts: {implicit: 0, pageLoad: 300000, script: 30000}, unhandledPromptBehavior: dismiss and notify, webauthn:extension:credBlob: true, webauthn:extension:largeBlob: true, webauthn:virtualAuthenticators: true}
Session ID: f65f9a3652ad46bf63e65cda754e2a50">
      <![CDATA[org.openqa.selenium.WebDriverException: unknown error: cannot determine loading status
from disconnected: unable to send message to renderer
  (Session info: chrome=95.0.4638.69)
Build info: version: '3.141.59', revision: 'e82be7d358', time: '2018-11-14T08:17:03'
System info: host: 'LAPTOP-7RLL2HTM', ip: '192.168.0.21', os.name: 'Windows 10', os.arch: 'amd64', os.version: '10.0', java.version: '16.0.2'
Driver info: org.openqa.selenium.chrome.ChromeDriver
Capabilities {acceptInsecureCerts: false, browserName: chrome, browserVersion: 95.0.4638.69, chrome: {chromedriverVersion: 95.0.4638.69 (6a1600ed572fe..., userDataDir: C:\Users\SANGEE~1\AppData\L...}, goog:chromeOptions: {debuggerAddress: localhost:55185}, javascriptEnabled: true, networkConnectionEnabled: false, pageLoadStrategy: normal, platform: WINDOWS, platformName: WINDOWS, proxy: Proxy(), setWindowRect: true, strictFileInteractability: false, timeouts: {implicit: 0, pageLoad: 300000, script: 30000}, unhandledPromptBehavior: dismiss and notify, webauthn:extension:credBlob: true, webauthn:extension:largeBlob: true, webauthn:virtualAuthenticators: true}
Session ID: f65f9a3652ad46bf63e65cda754e2a50
	at org.openqa.selenium.remote.http.W3CHttpResponseCodec.createException(W3CHttpResponseCodec.java:187)
	at org.openqa.selenium.remote.http.W3CHttpResponseCodec.decode(W3CHttpResponseCodec.java:122)
	at org.openqa.selenium.remote.http.W3CHttpResponseCodec.decode(W3CHttpResponseCodec.java:49)
	at org.openqa.selenium.remote.HttpCommandExecutor.execute(HttpCommandExecutor.java:158)
	at org.openqa.selenium.remote.service.DriverCommandExecutor.execute(DriverCommandExecutor.java:83)
	at org.openqa.selenium.remote.RemoteWebDriver.execute(RemoteWebDriver.java:552)
	at org.openqa.selenium.remote.RemoteWebDriver.get(RemoteWebDriver.java:277)
	at sdfc_utilities.App_Utilities.url(App_Utilities.java:53)
	at sdfc_tests.Login_test.launchApp(Login_test.java:39)
... Removed 41 stack frames]]>
    </failure>
  </testcase> <!-- @BeforeMethod launchApp -->
  <testcase classname="sdfc_tests.Login_test" name="@BeforeMethod launchApp" time="0.0">
    <skipped/>
  </testcase> <!-- @BeforeMethod launchApp -->
  <testcase classname="sdfc_tests.Login_test" name="@BeforeMethod launchApp" time="0.0">
    <skipped/>
  </testcase> <!-- @BeforeMethod launchApp -->
  <testcase classname="sdfc_tests.Login_test" name="@BeforeMethod launchApp" time="0.0">
    <skipped/>
  </testcase> <!-- @BeforeMethod launchApp -->
  <testcase classname="sdfc_tests.Login_test" name="@BeforeMethod launchApp" time="0.0">
    <skipped/>
  </testcase> <!-- @BeforeMethod launchApp -->
  <testcase classname="sdfc_tests.Login_test" name="loginTC_01" time="0.085">
    <skipped/>
  </testcase> <!-- loginTC_01 -->
  <testcase classname="sdfc_tests.Login_test" name="loginTC02" time="0.002">
    <skipped/>
  </testcase> <!-- loginTC02 -->
  <testcase classname="sdfc_tests.Login_test" name="loginTC03" time="0.001">
    <skipped/>
  </testcase> <!-- loginTC03 -->
  <testcase classname="sdfc_tests.Login_test" name="loginTC04a" time="0.002">
    <skipped/>
  </testcase> <!-- loginTC04a -->
  <testcase classname="sdfc_tests.Login_test" name="loginTC04b" time="0.009">
    <skipped/>
  </testcase> <!-- loginTC04b -->
</testsuite> <!-- LoginPage Tests -->
